<?xml version="1.0" encoding="UTF-8"?>
<!-- Generated by org.testng.reporters.JUnitXMLReporter -->
<testsuite hostname="DESKTOP-G25I8C3" ignored="0" name="Default test" tests="20" failures="0" timestamp="2020-12-17T00:53:12 GMT" time="186.276" errors="0">
  <testcase name="nullMobileTest" time="12.96" classname="tests.SignUp"/>
  <testcase name="invalidMobileTest" time="13.049" classname="tests.SignUp"/>
  <testcase name="nullEmailTest" time="5.779" classname="tests.SignUp"/>
  <testcase name="emailSymbolTest" time="6.614" classname="tests.SignUp"/>
  <testcase name="emailSuffixTest" time="5.551" classname="tests.SignUp"/>
  <testcase name="emailPrefixTest" time="5.878" classname="tests.SignUp"/>
  <testcase name="nullPassTest" time="5.466" classname="tests.SignUp"/>
  <testcase name="spacePassTest" time="5.437" classname="tests.SignUp"/>
  <testcase name="upperCasePassTest" time="5.923" classname="tests.SignUp"/>
  <testcase name="shortPassTest" time="5.908" classname="tests.SignUp"/>
  <testcase name="mismatchPassTest" time="5.936" classname="tests.SignUp"/>
  <testcase name="dupMobileTest" time="9.718" classname="tests.SignUp"/>
  <testcase name="nullFNameTest" time="23.928" classname="tests.SetUp"/>
  <testcase name="nullLNameTest" time="7.946" classname="tests.SetUp"/>
  <testcase name="validProfileTest" time="5.812" classname="tests.SetUp"/>
  <testcase name="nullBNameTest" time="11.158" classname="tests.SetUp"/>
  <testcase name="nullBDescTest" time="9.733" classname="tests.SetUp"/>
  <testcase name="nullBLocTest" time="8.582" classname="tests.SetUp"/>
  <testcase name="valBSetupTest" time="7.344" classname="tests.SetUp"/>
  <testcase name="valWalletTest" time="6.787" classname="tests.SetUp"/>
</testsuite> <!-- Default test -->
